Vivado Simulator 2019.2
Time resolution is 1 ps
Stopped at time : 100080 ns : File "/home/jtrieloff/cern/Xilinx/Vivado/2019.2/VHDL-modules/projects/neopixel_stable/neopixel_stable.srcs/sources_1/new/control_stream.vhd" Line 96
Stopped at time : 100080 ns : File "/home/jtrieloff/cern/Xilinx/Vivado/2019.2/VHDL-modules/projects/neopixel_stable/neopixel_stable.srcs/sources_1/new/control_stream.vhd" Line 97
Stopped at time : 100080 ns : File "/home/jtrieloff/cern/Xilinx/Vivado/2019.2/VHDL-modules/projects/neopixel_stable/neopixel_stable.srcs/sources_1/imports/mod/counter.vhd" Line 56
Stopped at time : 100080 ns : File "/home/jtrieloff/cern/Xilinx/Vivado/2019.2/VHDL-modules/projects/neopixel_stable/neopixel_stable.srcs/sources_1/new/write_stream.vhd" Line 72
Stopped at time : 100085 ns : File "/home/jtrieloff/cern/Xilinx/Vivado/2019.2/VHDL-modules/projects/neopixel_stable/neopixel_stable.srcs/sim_1/new/top_sim.vhd" Line 55
Stopped at time : 100085 ns : File "/home/jtrieloff/cern/Xilinx/Vivado/2019.2/VHDL-modules/projects/neopixel_stable/neopixel_stable.srcs/sim_1/new/top_sim.vhd" Line 56
Stopped at time : 100085 ns : File "/home/jtrieloff/cern/Xilinx/Vivado/2019.2/VHDL-modules/projects/neopixel_stable/neopixel_stable.srcs/sources_1/imports/mod/counter.vhd" Line 48
Stopped at time : 100085 ns : File "/home/jtrieloff/cern/Xilinx/Vivado/2019.2/VHDL-modules/projects/neopixel_stable/neopixel_stable.srcs/sources_1/imports/mod/counter.vhd" Line 48
Stopped at time : 100085 ns : File "/home/jtrieloff/cern/Xilinx/Vivado/2019.2/VHDL-modules/projects/neopixel_stable/neopixel_stable.srcs/sources_1/new/write_stream.vhd" Line 72
Stopped at time : 100085 ns : File "/home/jtrieloff/cern/Xilinx/Vivado/2019.2/VHDL-modules/projects/neopixel_stable/neopixel_stable.srcs/sources_1/imports/mod/counter.vhd" Line 48
Stopped at time : 100085 ns : File "/home/jtrieloff/cern/Xilinx/Vivado/2019.2/VHDL-modules/projects/neopixel_stable/neopixel_stable.srcs/sources_1/new/control_stream.vhd" Line 73
Stopped at time : 100085 ns : File "/home/jtrieloff/cern/Xilinx/Vivado/2019.2/VHDL-modules/projects/neopixel_stable/neopixel_stable.srcs/sources_1/new/control_stream.vhd" Line 76
Stopped at time : 100085 ns : File "/home/jtrieloff/cern/Xilinx/Vivado/2019.2/VHDL-modules/projects/neopixel_stable/neopixel_stable.srcs/sources_1/new/control_stream.vhd" Line 85
Stopped at time : 100085 ns : File "/home/jtrieloff/cern/Xilinx/Vivado/2019.2/VHDL-modules/projects/neopixel_stable/neopixel_stable.srcs/sources_1/new/control_stream.vhd" Line 91
Stopped at time : 100090 ns : File "/home/jtrieloff/cern/Xilinx/Vivado/2019.2/VHDL-modules/projects/neopixel_stable/neopixel_stable.srcs/sim_1/new/top_sim.vhd" Line 53
Stopped at time : 100090 ns : File "/home/jtrieloff/cern/Xilinx/Vivado/2019.2/VHDL-modules/projects/neopixel_stable/neopixel_stable.srcs/sim_1/new/top_sim.vhd" Line 54
Stopped at time : 100090 ns : File "/home/jtrieloff/cern/Xilinx/Vivado/2019.2/VHDL-modules/projects/neopixel_stable/neopixel_stable.srcs/sources_1/imports/mod/counter.vhd" Line 48
Stopped at time : 100090 ns : File "/home/jtrieloff/cern/Xilinx/Vivado/2019.2/VHDL-modules/projects/neopixel_stable/neopixel_stable.srcs/sources_1/imports/mod/counter.vhd" Line 49
Stopped at time : 100090 ns : File "/home/jtrieloff/cern/Xilinx/Vivado/2019.2/VHDL-modules/projects/neopixel_stable/neopixel_stable.srcs/sources_1/imports/mod/counter.vhd" Line 50
Stopped at time : 100090 ns : File "/home/jtrieloff/cern/Xilinx/Vivado/2019.2/VHDL-modules/projects/neopixel_stable/neopixel_stable.srcs/sources_1/imports/mod/counter.vhd" Line 48
Stopped at time : 100090 ns : File "/home/jtrieloff/cern/Xilinx/Vivado/2019.2/VHDL-modules/projects/neopixel_stable/neopixel_stable.srcs/sources_1/imports/mod/counter.vhd" Line 49
Stopped at time : 100090 ns : File "/home/jtrieloff/cern/Xilinx/Vivado/2019.2/VHDL-modules/projects/neopixel_stable/neopixel_stable.srcs/sources_1/imports/mod/counter.vhd" Line 50
Stopped at time : 100090 ns : File "/home/jtrieloff/cern/Xilinx/Vivado/2019.2/VHDL-modules/projects/neopixel_stable/neopixel_stable.srcs/sources_1/new/write_stream.vhd" Line 72
Stopped at time : 100090 ns : File "/home/jtrieloff/cern/Xilinx/Vivado/2019.2/VHDL-modules/projects/neopixel_stable/neopixel_stable.srcs/sources_1/new/write_stream.vhd" Line 73
Stopped at time : 100090 ns : File "/home/jtrieloff/cern/Xilinx/Vivado/2019.2/VHDL-modules/projects/neopixel_stable/neopixel_stable.srcs/sources_1/new/write_stream.vhd" Line 82
Stopped at time : 100090 ns : File "/home/jtrieloff/cern/Xilinx/Vivado/2019.2/VHDL-modules/projects/neopixel_stable/neopixel_stable.srcs/sources_1/new/write_stream.vhd" Line 89
Stopped at time : 100090 ns : File "/home/jtrieloff/cern/Xilinx/Vivado/2019.2/VHDL-modules/projects/neopixel_stable/neopixel_stable.srcs/sources_1/new/write_stream.vhd" Line 90
Stopped at time : 100090 ns : File "/home/jtrieloff/cern/Xilinx/Vivado/2019.2/VHDL-modules/projects/neopixel_stable/neopixel_stable.srcs/sources_1/new/write_stream.vhd" Line 91
Stopped at time : 100090 ns : File "/home/jtrieloff/cern/Xilinx/Vivado/2019.2/VHDL-modules/projects/neopixel_stable/neopixel_stable.srcs/sources_1/new/write_stream.vhd" Line 94
Stopped at time : 100090 ns : File "/home/jtrieloff/cern/Xilinx/Vivado/2019.2/VHDL-modules/projects/neopixel_stable/neopixel_stable.srcs/sources_1/new/write_stream.vhd" Line 95
Stopped at time : 100090 ns : File "/home/jtrieloff/cern/Xilinx/Vivado/2019.2/VHDL-modules/projects/neopixel_stable/neopixel_stable.srcs/sources_1/new/write_stream.vhd" Line 113
