Vivado Simulator 2019.2
Copyright 1986-1999, 2001-2019 Xilinx, Inc. All Rights Reserved.
Running: /home/jtrieloff/cern/Xilinx/Vivado/2019.2/bin/unwrapped/lnx64.o/xelab -wto 96b429e321b944438665a386e8f5fc64 --incr --debug typical --relax --mt 8 -L xil_defaultlib -L unisims_ver -L secureip --snapshot sim_top_func_synth xil_defaultlib.sim_top xil_defaultlib.glbl -log elaborate.log 
Using 8 slave threads.
Starting static elaboration
Pass Through NonSizing Optimizer
Completed static elaboration
Starting simulation data flow analysis
Completed simulation data flow analysis
Time Resolution for simulation is 1ps
Compiling package std.standard
Compiling package std.textio
Compiling package ieee.std_logic_1164
Compiling package ieee.numeric_std
Compiling package unisim.vcomponents
Compiling package ieee.vital_timing
Compiling package ieee.vital_primitives
Compiling package unisim.vpkg
Compiling package ieee.std_logic_arith
Compiling package ieee.std_logic_signed
Compiling module xil_defaultlib.glbl
Compiling architecture lut1_v of entity unisim.LUT1 [\LUT1(init="0001")(0,3)\]
Compiling architecture lut2_v of entity unisim.LUT2 [\LUT2(init="0110")(0,3)\]
Compiling architecture lut3_v of entity unisim.LUT3 [\LUT3(init="01111000")(0,7)\]
Compiling architecture lut4_v of entity unisim.LUT4 [\LUT4(init="0111111110000000")(0...]
Compiling architecture lut5_v of entity unisim.LUT5 [\LUT5(init="01111111111111111000...]
Compiling architecture fdre_v of entity unisim.FDRE [fdre_default]
Compiling architecture bufg_v of entity unisim.BUFG [bufg_default]
Compiling architecture ibuf_v of entity unisim.IBUF [\IBUF(1,9)(1,1)(1,4)(1,7)\]
Compiling architecture mmcme2_adv_v of entity unisim.MMCME2_ADV [\MMCME2_ADV(clkfbout_mult_f=15.6...]
Compiling architecture structure of entity xil_defaultlib.clk_wiz_0_clk_wiz_0_clk_wiz [clk_wiz_0_clk_wiz_0_clk_wiz_defa...]
Compiling architecture structure of entity xil_defaultlib.clk_wiz_0 [clk_wiz_0_default]
Compiling architecture lut5_v of entity unisim.LUT5 [\LUT5(init="10101010101010000000...]
Compiling architecture carry4_v of entity unisim.CARRY4 [carry4_default]
Compiling architecture structure of entity xil_defaultlib.comparator [comparator_default]
Compiling architecture lut2_v of entity unisim.LUT2 [\LUT2(init="1110")(0,3)\]
Compiling architecture lut2_v of entity unisim.LUT2 [\LUT2(init="0001")(0,3)\]
Compiling architecture lut4_v of entity unisim.LUT4 [\LUT4(init="1111111110001010")(0...]
Compiling architecture lut4_v of entity unisim.LUT4 [\LUT4(init="1111111010101000")(0...]
Compiling architecture lut4_v of entity unisim.LUT4 [\LUT4(init="1111101010000000")(0...]
Compiling architecture lut4_v of entity unisim.LUT4 [\LUT4(init="0000000001011001")(0...]
Compiling architecture lut4_v of entity unisim.LUT4 [\LUT4(init="0000000001010110")(0...]
Compiling architecture lut4_v of entity unisim.LUT4 [\LUT4(init="0000010101100000")(0...]
Compiling architecture lut4_v of entity unisim.LUT4 [\LUT4(init="0000000000001001")(0...]
Compiling architecture lut5_v of entity unisim.LUT5 [\LUT5(init="01000001010000000000...]
Compiling architecture lut5_v of entity unisim.LUT5 [\LUT5(init="00000001000000000000...]
Compiling architecture lut5_v of entity unisim.LUT5 [\LUT5(init="00000000000001100000...]
Compiling architecture structure of entity xil_defaultlib.counter [counter_default]
Compiling architecture structure of entity xil_defaultlib.pwm_gen [pwm_gen_default]
Compiling architecture structure of entity xil_defaultlib.shift_register [shift_register_default]
Compiling architecture obuf_v of entity unisim.OBUF [\OBUF(1,9)(1,7)(1,4)\]
Compiling architecture structure of entity xil_defaultlib.sig_gen [sig_gen_default]
Compiling architecture behavioral of entity xil_defaultlib.sim_top
Built simulation snapshot sim_top_func_synth
