Copyright 1986-2019 Xilinx, Inc. All Rights Reserved.
--------------------------------------------------------------------------------------------------------------------------------------------------
| Tool Version : Vivado v.2019.2 (lin64) Build 2708876 Wed Nov  6 21:39:14 MST 2019
| Date         : Mon Jul 11 16:14:35 2022
| Host         : localhost.localdomain running 64-bit Fedora release 35 (Thirty Five)
| Command      : report_methodology -file Head_methodology_drc_routed.rpt -pb Head_methodology_drc_routed.pb -rpx Head_methodology_drc_routed.rpx
| Design       : Head
| Device       : xc7a100tcsg324-1
| Speed File   : -1
| Design State : Fully Routed
--------------------------------------------------------------------------------------------------------------------------------------------------

Report Methodology

Table of Contents
-----------------
1. REPORT SUMMARY
2. REPORT DETAILS

1. REPORT SUMMARY
-----------------
            Netlist: netlist
          Floorplan: design_1
      Design limits: <entire design considered>
             Max violations: <unlimited>
             Violations found: 70
+-----------+----------+------------------------------+------------+
| Rule      | Severity | Description                  | Violations |
+-----------+----------+------------------------------+------------+
| LUTAR-1   | Warning  | LUT drives async reset alert | 1          |
| TIMING-20 | Warning  | Non-clocked latch            | 69         |
+-----------+----------+------------------------------+------------+

2. REPORT DETAILS
-----------------
LUTAR-1#1 Warning
LUT drives async reset alert  
LUT cell write_24b/colour_decoder/enable_reg_i_2, with 2 or more inputs, drives asynchronous preset/clear pin(s) write_24b/enable_reg/PRE. The LUT may glitch and trigger an unexpected reset, even if it is a properly timed path.
Related violations: <none>

TIMING-20#1 Warning
Non-clocked latch  
The latch write_24b/colour_decoder/data_reg cannot be properly analyzed as its control pin write_24b/colour_decoder/data_reg/G is not reached by a timing clock
Related violations: <none>

TIMING-20#2 Warning
Non-clocked latch  
The latch write_24b/colour_decoder/offset_reg[0] cannot be properly analyzed as its control pin write_24b/colour_decoder/offset_reg[0]/G is not reached by a timing clock
Related violations: <none>

TIMING-20#3 Warning
Non-clocked latch  
The latch write_24b/colour_decoder/offset_reg[10] cannot be properly analyzed as its control pin write_24b/colour_decoder/offset_reg[10]/G is not reached by a timing clock
Related violations: <none>

TIMING-20#4 Warning
Non-clocked latch  
The latch write_24b/colour_decoder/offset_reg[11] cannot be properly analyzed as its control pin write_24b/colour_decoder/offset_reg[11]/G is not reached by a timing clock
Related violations: <none>

TIMING-20#5 Warning
Non-clocked latch  
The latch write_24b/colour_decoder/offset_reg[12] cannot be properly analyzed as its control pin write_24b/colour_decoder/offset_reg[12]/G is not reached by a timing clock
Related violations: <none>

TIMING-20#6 Warning
Non-clocked latch  
The latch write_24b/colour_decoder/offset_reg[13] cannot be properly analyzed as its control pin write_24b/colour_decoder/offset_reg[13]/G is not reached by a timing clock
Related violations: <none>

TIMING-20#7 Warning
Non-clocked latch  
The latch write_24b/colour_decoder/offset_reg[14] cannot be properly analyzed as its control pin write_24b/colour_decoder/offset_reg[14]/G is not reached by a timing clock
Related violations: <none>

TIMING-20#8 Warning
Non-clocked latch  
The latch write_24b/colour_decoder/offset_reg[15] cannot be properly analyzed as its control pin write_24b/colour_decoder/offset_reg[15]/G is not reached by a timing clock
Related violations: <none>

TIMING-20#9 Warning
Non-clocked latch  
The latch write_24b/colour_decoder/offset_reg[16] cannot be properly analyzed as its control pin write_24b/colour_decoder/offset_reg[16]/G is not reached by a timing clock
Related violations: <none>

TIMING-20#10 Warning
Non-clocked latch  
The latch write_24b/colour_decoder/offset_reg[17] cannot be properly analyzed as its control pin write_24b/colour_decoder/offset_reg[17]/G is not reached by a timing clock
Related violations: <none>

TIMING-20#11 Warning
Non-clocked latch  
The latch write_24b/colour_decoder/offset_reg[18] cannot be properly analyzed as its control pin write_24b/colour_decoder/offset_reg[18]/G is not reached by a timing clock
Related violations: <none>

TIMING-20#12 Warning
Non-clocked latch  
The latch write_24b/colour_decoder/offset_reg[19] cannot be properly analyzed as its control pin write_24b/colour_decoder/offset_reg[19]/G is not reached by a timing clock
Related violations: <none>

TIMING-20#13 Warning
Non-clocked latch  
The latch write_24b/colour_decoder/offset_reg[1] cannot be properly analyzed as its control pin write_24b/colour_decoder/offset_reg[1]/G is not reached by a timing clock
Related violations: <none>

TIMING-20#14 Warning
Non-clocked latch  
The latch write_24b/colour_decoder/offset_reg[20] cannot be properly analyzed as its control pin write_24b/colour_decoder/offset_reg[20]/G is not reached by a timing clock
Related violations: <none>

TIMING-20#15 Warning
Non-clocked latch  
The latch write_24b/colour_decoder/offset_reg[21] cannot be properly analyzed as its control pin write_24b/colour_decoder/offset_reg[21]/G is not reached by a timing clock
Related violations: <none>

TIMING-20#16 Warning
Non-clocked latch  
The latch write_24b/colour_decoder/offset_reg[22] cannot be properly analyzed as its control pin write_24b/colour_decoder/offset_reg[22]/G is not reached by a timing clock
Related violations: <none>

TIMING-20#17 Warning
Non-clocked latch  
The latch write_24b/colour_decoder/offset_reg[23] cannot be properly analyzed as its control pin write_24b/colour_decoder/offset_reg[23]/G is not reached by a timing clock
Related violations: <none>

TIMING-20#18 Warning
Non-clocked latch  
The latch write_24b/colour_decoder/offset_reg[24] cannot be properly analyzed as its control pin write_24b/colour_decoder/offset_reg[24]/G is not reached by a timing clock
Related violations: <none>

TIMING-20#19 Warning
Non-clocked latch  
The latch write_24b/colour_decoder/offset_reg[25] cannot be properly analyzed as its control pin write_24b/colour_decoder/offset_reg[25]/G is not reached by a timing clock
Related violations: <none>

TIMING-20#20 Warning
Non-clocked latch  
The latch write_24b/colour_decoder/offset_reg[26] cannot be properly analyzed as its control pin write_24b/colour_decoder/offset_reg[26]/G is not reached by a timing clock
Related violations: <none>

TIMING-20#21 Warning
Non-clocked latch  
The latch write_24b/colour_decoder/offset_reg[27] cannot be properly analyzed as its control pin write_24b/colour_decoder/offset_reg[27]/G is not reached by a timing clock
Related violations: <none>

TIMING-20#22 Warning
Non-clocked latch  
The latch write_24b/colour_decoder/offset_reg[28] cannot be properly analyzed as its control pin write_24b/colour_decoder/offset_reg[28]/G is not reached by a timing clock
Related violations: <none>

TIMING-20#23 Warning
Non-clocked latch  
The latch write_24b/colour_decoder/offset_reg[29] cannot be properly analyzed as its control pin write_24b/colour_decoder/offset_reg[29]/G is not reached by a timing clock
Related violations: <none>

TIMING-20#24 Warning
Non-clocked latch  
The latch write_24b/colour_decoder/offset_reg[2] cannot be properly analyzed as its control pin write_24b/colour_decoder/offset_reg[2]/G is not reached by a timing clock
Related violations: <none>

TIMING-20#25 Warning
Non-clocked latch  
The latch write_24b/colour_decoder/offset_reg[30] cannot be properly analyzed as its control pin write_24b/colour_decoder/offset_reg[30]/G is not reached by a timing clock
Related violations: <none>

TIMING-20#26 Warning
Non-clocked latch  
The latch write_24b/colour_decoder/offset_reg[31] cannot be properly analyzed as its control pin write_24b/colour_decoder/offset_reg[31]/G is not reached by a timing clock
Related violations: <none>

TIMING-20#27 Warning
Non-clocked latch  
The latch write_24b/colour_decoder/offset_reg[3] cannot be properly analyzed as its control pin write_24b/colour_decoder/offset_reg[3]/G is not reached by a timing clock
Related violations: <none>

TIMING-20#28 Warning
Non-clocked latch  
The latch write_24b/colour_decoder/offset_reg[4] cannot be properly analyzed as its control pin write_24b/colour_decoder/offset_reg[4]/G is not reached by a timing clock
Related violations: <none>

TIMING-20#29 Warning
Non-clocked latch  
The latch write_24b/colour_decoder/offset_reg[5] cannot be properly analyzed as its control pin write_24b/colour_decoder/offset_reg[5]/G is not reached by a timing clock
Related violations: <none>

TIMING-20#30 Warning
Non-clocked latch  
The latch write_24b/colour_decoder/offset_reg[6] cannot be properly analyzed as its control pin write_24b/colour_decoder/offset_reg[6]/G is not reached by a timing clock
Related violations: <none>

TIMING-20#31 Warning
Non-clocked latch  
The latch write_24b/colour_decoder/offset_reg[7] cannot be properly analyzed as its control pin write_24b/colour_decoder/offset_reg[7]/G is not reached by a timing clock
Related violations: <none>

TIMING-20#32 Warning
Non-clocked latch  
The latch write_24b/colour_decoder/offset_reg[8] cannot be properly analyzed as its control pin write_24b/colour_decoder/offset_reg[8]/G is not reached by a timing clock
Related violations: <none>

TIMING-20#33 Warning
Non-clocked latch  
The latch write_24b/colour_decoder/offset_reg[9] cannot be properly analyzed as its control pin write_24b/colour_decoder/offset_reg[9]/G is not reached by a timing clock
Related violations: <none>

TIMING-20#34 Warning
Non-clocked latch  
The latch write_24b/colour_decoder/rst_reg cannot be properly analyzed as its control pin write_24b/colour_decoder/rst_reg/G is not reached by a timing clock
Related violations: <none>

TIMING-20#35 Warning
Non-clocked latch  
The latch write_24b/colour_decoder/time_done_reg cannot be properly analyzed as its control pin write_24b/colour_decoder/time_done_reg/G is not reached by a timing clock
Related violations: <none>

TIMING-20#36 Warning
Non-clocked latch  
The latch write_24b/enable_reg cannot be properly analyzed as its control pin write_24b/enable_reg/G is not reached by a timing clock
Related violations: <none>

TIMING-20#37 Warning
Non-clocked latch  
The latch write_24b/packets_sent_reg[0] cannot be properly analyzed as its control pin write_24b/packets_sent_reg[0]/G is not reached by a timing clock
Related violations: <none>

TIMING-20#38 Warning
Non-clocked latch  
The latch write_24b/packets_sent_reg[10] cannot be properly analyzed as its control pin write_24b/packets_sent_reg[10]/G is not reached by a timing clock
Related violations: <none>

TIMING-20#39 Warning
Non-clocked latch  
The latch write_24b/packets_sent_reg[11] cannot be properly analyzed as its control pin write_24b/packets_sent_reg[11]/G is not reached by a timing clock
Related violations: <none>

TIMING-20#40 Warning
Non-clocked latch  
The latch write_24b/packets_sent_reg[12] cannot be properly analyzed as its control pin write_24b/packets_sent_reg[12]/G is not reached by a timing clock
Related violations: <none>

TIMING-20#41 Warning
Non-clocked latch  
The latch write_24b/packets_sent_reg[13] cannot be properly analyzed as its control pin write_24b/packets_sent_reg[13]/G is not reached by a timing clock
Related violations: <none>

TIMING-20#42 Warning
Non-clocked latch  
The latch write_24b/packets_sent_reg[14] cannot be properly analyzed as its control pin write_24b/packets_sent_reg[14]/G is not reached by a timing clock
Related violations: <none>

TIMING-20#43 Warning
Non-clocked latch  
The latch write_24b/packets_sent_reg[15] cannot be properly analyzed as its control pin write_24b/packets_sent_reg[15]/G is not reached by a timing clock
Related violations: <none>

TIMING-20#44 Warning
Non-clocked latch  
The latch write_24b/packets_sent_reg[16] cannot be properly analyzed as its control pin write_24b/packets_sent_reg[16]/G is not reached by a timing clock
Related violations: <none>

TIMING-20#45 Warning
Non-clocked latch  
The latch write_24b/packets_sent_reg[17] cannot be properly analyzed as its control pin write_24b/packets_sent_reg[17]/G is not reached by a timing clock
Related violations: <none>

TIMING-20#46 Warning
Non-clocked latch  
The latch write_24b/packets_sent_reg[18] cannot be properly analyzed as its control pin write_24b/packets_sent_reg[18]/G is not reached by a timing clock
Related violations: <none>

TIMING-20#47 Warning
Non-clocked latch  
The latch write_24b/packets_sent_reg[19] cannot be properly analyzed as its control pin write_24b/packets_sent_reg[19]/G is not reached by a timing clock
Related violations: <none>

TIMING-20#48 Warning
Non-clocked latch  
The latch write_24b/packets_sent_reg[1] cannot be properly analyzed as its control pin write_24b/packets_sent_reg[1]/G is not reached by a timing clock
Related violations: <none>

TIMING-20#49 Warning
Non-clocked latch  
The latch write_24b/packets_sent_reg[20] cannot be properly analyzed as its control pin write_24b/packets_sent_reg[20]/G is not reached by a timing clock
Related violations: <none>

TIMING-20#50 Warning
Non-clocked latch  
The latch write_24b/packets_sent_reg[21] cannot be properly analyzed as its control pin write_24b/packets_sent_reg[21]/G is not reached by a timing clock
Related violations: <none>

TIMING-20#51 Warning
Non-clocked latch  
The latch write_24b/packets_sent_reg[22] cannot be properly analyzed as its control pin write_24b/packets_sent_reg[22]/G is not reached by a timing clock
Related violations: <none>

TIMING-20#52 Warning
Non-clocked latch  
The latch write_24b/packets_sent_reg[23] cannot be properly analyzed as its control pin write_24b/packets_sent_reg[23]/G is not reached by a timing clock
Related violations: <none>

TIMING-20#53 Warning
Non-clocked latch  
The latch write_24b/packets_sent_reg[24] cannot be properly analyzed as its control pin write_24b/packets_sent_reg[24]/G is not reached by a timing clock
Related violations: <none>

TIMING-20#54 Warning
Non-clocked latch  
The latch write_24b/packets_sent_reg[25] cannot be properly analyzed as its control pin write_24b/packets_sent_reg[25]/G is not reached by a timing clock
Related violations: <none>

TIMING-20#55 Warning
Non-clocked latch  
The latch write_24b/packets_sent_reg[26] cannot be properly analyzed as its control pin write_24b/packets_sent_reg[26]/G is not reached by a timing clock
Related violations: <none>

TIMING-20#56 Warning
Non-clocked latch  
The latch write_24b/packets_sent_reg[27] cannot be properly analyzed as its control pin write_24b/packets_sent_reg[27]/G is not reached by a timing clock
Related violations: <none>

TIMING-20#57 Warning
Non-clocked latch  
The latch write_24b/packets_sent_reg[28] cannot be properly analyzed as its control pin write_24b/packets_sent_reg[28]/G is not reached by a timing clock
Related violations: <none>

TIMING-20#58 Warning
Non-clocked latch  
The latch write_24b/packets_sent_reg[29] cannot be properly analyzed as its control pin write_24b/packets_sent_reg[29]/G is not reached by a timing clock
Related violations: <none>

TIMING-20#59 Warning
Non-clocked latch  
The latch write_24b/packets_sent_reg[2] cannot be properly analyzed as its control pin write_24b/packets_sent_reg[2]/G is not reached by a timing clock
Related violations: <none>

TIMING-20#60 Warning
Non-clocked latch  
The latch write_24b/packets_sent_reg[30] cannot be properly analyzed as its control pin write_24b/packets_sent_reg[30]/G is not reached by a timing clock
Related violations: <none>

TIMING-20#61 Warning
Non-clocked latch  
The latch write_24b/packets_sent_reg[31] cannot be properly analyzed as its control pin write_24b/packets_sent_reg[31]/G is not reached by a timing clock
Related violations: <none>

TIMING-20#62 Warning
Non-clocked latch  
The latch write_24b/packets_sent_reg[3] cannot be properly analyzed as its control pin write_24b/packets_sent_reg[3]/G is not reached by a timing clock
Related violations: <none>

TIMING-20#63 Warning
Non-clocked latch  
The latch write_24b/packets_sent_reg[4] cannot be properly analyzed as its control pin write_24b/packets_sent_reg[4]/G is not reached by a timing clock
Related violations: <none>

TIMING-20#64 Warning
Non-clocked latch  
The latch write_24b/packets_sent_reg[5] cannot be properly analyzed as its control pin write_24b/packets_sent_reg[5]/G is not reached by a timing clock
Related violations: <none>

TIMING-20#65 Warning
Non-clocked latch  
The latch write_24b/packets_sent_reg[6] cannot be properly analyzed as its control pin write_24b/packets_sent_reg[6]/G is not reached by a timing clock
Related violations: <none>

TIMING-20#66 Warning
Non-clocked latch  
The latch write_24b/packets_sent_reg[7] cannot be properly analyzed as its control pin write_24b/packets_sent_reg[7]/G is not reached by a timing clock
Related violations: <none>

TIMING-20#67 Warning
Non-clocked latch  
The latch write_24b/packets_sent_reg[8] cannot be properly analyzed as its control pin write_24b/packets_sent_reg[8]/G is not reached by a timing clock
Related violations: <none>

TIMING-20#68 Warning
Non-clocked latch  
The latch write_24b/packets_sent_reg[9] cannot be properly analyzed as its control pin write_24b/packets_sent_reg[9]/G is not reached by a timing clock
Related violations: <none>

TIMING-20#69 Warning
Non-clocked latch  
The latch write_24b/rst_reg cannot be properly analyzed as its control pin write_24b/rst_reg/G is not reached by a timing clock
Related violations: <none>


