Copyright 1986-2019 Xilinx, Inc. All Rights Reserved.
--------------------------------------------------------------------------------------
| Tool Version : Vivado v.2019.2 (lin64) Build 2708876 Wed Nov  6 21:39:14 MST 2019
| Date         : Sun Jul 10 22:20:51 2022
| Host         : localhost.localdomain running 64-bit Fedora release 35 (Thirty Five)
| Command      : report_control_sets -verbose -file Head_control_sets_placed.rpt
| Design       : Head
| Device       : xc7a100t
--------------------------------------------------------------------------------------

Control Set Information

Table of Contents
-----------------
1. Summary
2. Histogram
3. Flip-Flop Distribution
4. Detailed Control Set Information

1. Summary
----------

+----------------------------------------------------------+-------+
|                          Status                          | Count |
+----------------------------------------------------------+-------+
| Total control sets                                       |     6 |
|    Minimum number of control sets                        |     6 |
|    Addition due to synthesis replication                 |     0 |
|    Addition due to physical synthesis replication        |     0 |
| Unused register locations in slices containing registers |    19 |
+----------------------------------------------------------+-------+
* Control sets can be merged at opt_design using control_set_merge or merge_equivalent_drivers
** Run report_qor_suggestions for automated merging and remapping suggestions


2. Histogram
------------

+--------------------+-------+
|       Fanout       | Count |
+--------------------+-------+
| Total control sets |     6 |
| >= 0 to < 4        |     3 |
| >= 4 to < 6        |     0 |
| >= 6 to < 8        |     0 |
| >= 8 to < 10       |     0 |
| >= 10 to < 12      |     0 |
| >= 12 to < 14      |     0 |
| >= 14 to < 16      |     0 |
| >= 16              |     3 |
+--------------------+-------+
* Control sets can be remapped at either synth_design or opt_design


3. Flip-Flop Distribution
-------------------------

+--------------+-----------------------+------------------------+-----------------+--------------+
| Clock Enable | Synchronous Set/Reset | Asynchronous Set/Reset | Total Registers | Total Slices |
+--------------+-----------------------+------------------------+-----------------+--------------+
| No           | No                    | No                     |              37 |           17 |
| No           | No                    | Yes                    |               0 |            0 |
| No           | Yes                   | No                     |              64 |           16 |
| Yes          | No                    | No                     |               0 |            0 |
| Yes          | No                    | Yes                    |               0 |            0 |
| Yes          | Yes                   | No                     |               0 |            0 |
+--------------+-----------------------+------------------------+-----------------+--------------+


4. Detailed Control Set Information
-----------------------------------

+----------------------------------------------+---------------+------------------------------+------------------+----------------+
|                 Clock Signal                 | Enable Signal |       Set/Reset Signal       | Slice Load Count | Bel Load Count |
+----------------------------------------------+---------------+------------------------------+------------------+----------------+
|  colour_decoder/end_of_stream                |               |                              |                1 |              1 |
|  colour_decoder/counter/int_counter_reg[6]_1 |               |                              |                1 |              1 |
| ~rst                                         |               |                              |                2 |              3 |
|  CLK100MHZ_IBUF_BUFG                         |               | counter/enable_reg           |                8 |             32 |
|  CLK100MHZ_IBUF_BUFG                         |               | colour_decoder/counter/clear |                8 |             32 |
|  n_0_17_BUFG                                 |               |                              |               13 |             32 |
+----------------------------------------------+---------------+------------------------------+------------------+----------------+


